[2012-10-17 14:55:42] (ERROR in xPDOConnection::connect @ C:\wamp\www\mokryak\www\mokryak.com\core\xpdo\xpdo.class.php : 2999) SQLSTATE[HY000] [1045] Access denied for user 'admin'@'localhost' (using password: YES)
[2012-10-17 14:55:42] (ERROR in xPDOConnection::connect @ C:\wamp\www\mokryak\www\mokryak.com\core\xpdo\xpdo.class.php : 2999) SQLSTATE[HY000] [1045] Access denied for user 'admin'@'localhost' (using password: YES)
[2012-10-17 14:55:42] (ERROR @ /manager/index.php) Error preparing statement for query: SELECT `modSession`.`id` AS `modSession_id`, `modSession`.`access` AS `modSession_access`, `modSession`.`data` AS `modSession_data` FROM `modx_session` AS `modSession` WHERE `modSession`.`id` = ?  - 
[2012-10-17 14:55:42] (ERROR in xPDOConnection::connect @ C:\wamp\www\mokryak\www\mokryak.com\core\xpdo\xpdo.class.php : 2999) SQLSTATE[HY000] [1045] Access denied for user 'admin'@'localhost' (using password: YES)
[2012-10-17 14:55:42] (ERROR in xPDOConnection::connect @ C:\wamp\www\mokryak\www\mokryak.com\core\xpdo\xpdo.class.php : 2999) SQLSTATE[HY000] [1045] Access denied for user 'admin'@'localhost' (using password: YES)
[2012-10-17 14:55:42] (ERROR @ /manager/index.php) Error preparing statement for query: SELECT `modLexiconEntry`.`id` AS `modLexiconEntry_id`, `modLexiconEntry`.`name` AS `modLexiconEntry_name`, `modLexiconEntry`.`value` AS `modLexiconEntry_value`, `modLexiconEntry`.`topic` AS `modLexiconEntry_topic`, `modLexiconEntry`.`namespace` AS `modLexiconEntry_namespace`, `modLexiconEntry`.`language` AS `modLexiconEntry_language`, `modLexiconEntry`.`createdon` AS `modLexiconEntry_createdon`, `modLexiconEntry`.`editedon` AS `modLexiconEntry_editedon` FROM `modx_lexicon_entries` AS `modLexiconEntry` JOIN `modx_namespaces` `Namespace` ON `modLexiconEntry`.`namespace` =  `Namespace`.`name` WHERE  ( `modLexiconEntry`.`topic` = ? AND `modLexiconEntry`.`language` = ? AND `Namespace`.`name` = ? )  ORDER BY `modLexiconEntry`.`name` ASC  - 
[2012-10-17 14:55:42] (ERROR in xPDOConnection::connect @ C:\wamp\www\mokryak\www\mokryak.com\core\xpdo\xpdo.class.php : 2999) SQLSTATE[HY000] [1045] Access denied for user 'admin'@'localhost' (using password: YES)
[2012-10-17 14:55:42] (ERROR in xPDOConnection::connect @ C:\wamp\www\mokryak\www\mokryak.com\core\xpdo\xpdo.class.php : 2999) SQLSTATE[HY000] [1045] Access denied for user 'admin'@'localhost' (using password: YES)
[2012-10-17 14:55:42] (ERROR @ /manager/index.php) Error preparing statement for query: SELECT `modLexiconEntry`.`id` AS `modLexiconEntry_id`, `modLexiconEntry`.`name` AS `modLexiconEntry_name`, `modLexiconEntry`.`value` AS `modLexiconEntry_value`, `modLexiconEntry`.`topic` AS `modLexiconEntry_topic`, `modLexiconEntry`.`namespace` AS `modLexiconEntry_namespace`, `modLexiconEntry`.`language` AS `modLexiconEntry_language`, `modLexiconEntry`.`createdon` AS `modLexiconEntry_createdon`, `modLexiconEntry`.`editedon` AS `modLexiconEntry_editedon` FROM `modx_lexicon_entries` AS `modLexiconEntry` JOIN `modx_namespaces` `Namespace` ON `modLexiconEntry`.`namespace` =  `Namespace`.`name` WHERE  ( `modLexiconEntry`.`topic` = ? AND `modLexiconEntry`.`language` = ? AND `Namespace`.`name` = ? )  ORDER BY `modLexiconEntry`.`name` ASC  - 
[2012-10-17 14:55:42] (ERROR in xPDOConnection::connect @ C:\wamp\www\mokryak\www\mokryak.com\core\xpdo\xpdo.class.php : 2999) SQLSTATE[HY000] [1045] Access denied for user 'admin'@'localhost' (using password: YES)
[2012-10-17 14:55:42] (ERROR in xPDOConnection::connect @ C:\wamp\www\mokryak\www\mokryak.com\core\xpdo\xpdo.class.php : 2999) SQLSTATE[HY000] [1045] Access denied for user 'admin'@'localhost' (using password: YES)
[2012-10-17 14:55:42] (ERROR @ /manager/index.php) Error preparing statement for query: SELECT `modAction`.`id` AS `modAction_id`, `modAction`.`namespace` AS `modAction_namespace`, `modAction`.`controller` AS `modAction_controller`, `modAction`.`haslayout` AS `modAction_haslayout`, `modAction`.`lang_topics` AS `modAction_lang_topics`, `modAction`.`assets` AS `modAction_assets`, `modAction`.`help_url` AS `modAction_help_url` FROM `modx_actions` AS `modAction` WHERE  ( `modAction`.`namespace` = ? AND `modAction`.`controller` = ? )   - 
[2012-10-17 14:55:50] (ERROR in xPDOConnection::connect @ C:\wamp\www\mokryak\www\mokryak.com\core\xpdo\xpdo.class.php : 2999) SQLSTATE[HY000] [1045] Access denied for user 'admin'@'localhost' (using password: YES)
[2012-10-17 14:55:50] (ERROR in xPDOConnection::connect @ C:\wamp\www\mokryak\www\mokryak.com\core\xpdo\xpdo.class.php : 2999) SQLSTATE[HY000] [1045] Access denied for user 'admin'@'localhost' (using password: YES)
[2012-10-17 14:55:50] (ERROR @ /manager/index.php) Error preparing statement for query: SELECT `modSession`.`id` AS `modSession_id`, `modSession`.`access` AS `modSession_access`, `modSession`.`data` AS `modSession_data` FROM `modx_session` AS `modSession` WHERE `modSession`.`id` = ?  - 
[2012-10-17 14:55:50] (ERROR in xPDOConnection::connect @ C:\wamp\www\mokryak\www\mokryak.com\core\xpdo\xpdo.class.php : 2999) SQLSTATE[HY000] [1045] Access denied for user 'admin'@'localhost' (using password: YES)
[2012-10-17 14:55:50] (ERROR in xPDOConnection::connect @ C:\wamp\www\mokryak\www\mokryak.com\core\xpdo\xpdo.class.php : 2999) SQLSTATE[HY000] [1045] Access denied for user 'admin'@'localhost' (using password: YES)
[2012-10-17 14:55:50] (ERROR @ /manager/index.php) Error preparing statement for query: SELECT `modAction`.`id` AS `modAction_id`, `modAction`.`namespace` AS `modAction_namespace`, `modAction`.`controller` AS `modAction_controller`, `modAction`.`haslayout` AS `modAction_haslayout`, `modAction`.`lang_topics` AS `modAction_lang_topics`, `modAction`.`assets` AS `modAction_assets`, `modAction`.`help_url` AS `modAction_help_url` FROM `modx_actions` AS `modAction` WHERE  ( `modAction`.`namespace` = ? AND `modAction`.`controller` = ? )   - 
[2012-10-17 14:55:54] (ERROR in xPDOConnection::connect @ C:\wamp\www\mokryak\www\mokryak.com\core\xpdo\xpdo.class.php : 2999) SQLSTATE[HY000] [1045] Access denied for user 'admin'@'localhost' (using password: YES)
[2012-10-17 14:55:54] (ERROR in xPDOConnection::connect @ C:\wamp\www\mokryak\www\mokryak.com\core\xpdo\xpdo.class.php : 2999) SQLSTATE[HY000] [1045] Access denied for user 'admin'@'localhost' (using password: YES)
[2012-10-17 14:55:54] (ERROR @ /manager/index.php) Error preparing statement for query: SELECT `modSession`.`id` AS `modSession_id`, `modSession`.`access` AS `modSession_access`, `modSession`.`data` AS `modSession_data` FROM `modx_session` AS `modSession` WHERE `modSession`.`id` = ?  - 
[2012-10-17 14:55:54] (ERROR in xPDOConnection::connect @ C:\wamp\www\mokryak\www\mokryak.com\core\xpdo\xpdo.class.php : 2999) SQLSTATE[HY000] [1045] Access denied for user 'admin'@'localhost' (using password: YES)
[2012-10-17 14:55:54] (ERROR in xPDOConnection::connect @ C:\wamp\www\mokryak\www\mokryak.com\core\xpdo\xpdo.class.php : 2999) SQLSTATE[HY000] [1045] Access denied for user 'admin'@'localhost' (using password: YES)
[2012-10-17 14:55:54] (ERROR @ /manager/index.php) Error preparing statement for query: SELECT `modAction`.`id` AS `modAction_id`, `modAction`.`namespace` AS `modAction_namespace`, `modAction`.`controller` AS `modAction_controller`, `modAction`.`haslayout` AS `modAction_haslayout`, `modAction`.`lang_topics` AS `modAction_lang_topics`, `modAction`.`assets` AS `modAction_assets`, `modAction`.`help_url` AS `modAction_help_url` FROM `modx_actions` AS `modAction` WHERE  ( `modAction`.`namespace` = ? AND `modAction`.`controller` = ? )   - 
[2012-10-17 14:59:14] (ERROR in xPDOConnection::connect @ C:\wamp\www\mokryak\www\mokryak.com\core\xpdo\xpdo.class.php : 2999) SQLSTATE[HY000] [1045] Access denied for user 'admin'@'localhost' (using password: YES)
[2012-10-17 14:59:14] (ERROR in xPDOConnection::connect @ C:\wamp\www\mokryak\www\mokryak.com\core\xpdo\xpdo.class.php : 2999) SQLSTATE[HY000] [1045] Access denied for user 'admin'@'localhost' (using password: YES)
[2012-10-17 14:59:14] (ERROR @ /manager/index.php) Error preparing statement for query: SELECT `modSession`.`id` AS `modSession_id`, `modSession`.`access` AS `modSession_access`, `modSession`.`data` AS `modSession_data` FROM `modx_session` AS `modSession` WHERE `modSession`.`id` = ?  - 
[2012-10-17 14:59:14] (ERROR in xPDOConnection::connect @ C:\wamp\www\mokryak\www\mokryak.com\core\xpdo\xpdo.class.php : 2999) SQLSTATE[HY000] [1045] Access denied for user 'admin'@'localhost' (using password: YES)
[2012-10-17 14:59:14] (ERROR in xPDOConnection::connect @ C:\wamp\www\mokryak\www\mokryak.com\core\xpdo\xpdo.class.php : 2999) SQLSTATE[HY000] [1045] Access denied for user 'admin'@'localhost' (using password: YES)
[2012-10-17 14:59:14] (ERROR @ /manager/index.php) Error preparing statement for query: SELECT `modAction`.`id` AS `modAction_id`, `modAction`.`namespace` AS `modAction_namespace`, `modAction`.`controller` AS `modAction_controller`, `modAction`.`haslayout` AS `modAction_haslayout`, `modAction`.`lang_topics` AS `modAction_lang_topics`, `modAction`.`assets` AS `modAction_assets`, `modAction`.`help_url` AS `modAction_help_url` FROM `modx_actions` AS `modAction` WHERE  ( `modAction`.`namespace` = ? AND `modAction`.`controller` = ? )   - 
[2012-10-17 14:59:18] (ERROR in xPDOConnection::connect @ C:\wamp\www\mokryak\www\mokryak.com\core\xpdo\xpdo.class.php : 2999) SQLSTATE[HY000] [1045] Access denied for user 'admin'@'localhost' (using password: YES)
[2012-10-17 14:59:18] (ERROR in xPDOConnection::connect @ C:\wamp\www\mokryak\www\mokryak.com\core\xpdo\xpdo.class.php : 2999) SQLSTATE[HY000] [1045] Access denied for user 'admin'@'localhost' (using password: YES)
[2012-10-17 14:59:18] (ERROR @ /manager/index.php) Error preparing statement for query: SELECT `modSession`.`id` AS `modSession_id`, `modSession`.`access` AS `modSession_access`, `modSession`.`data` AS `modSession_data` FROM `modx_session` AS `modSession` WHERE `modSession`.`id` = ?  - 
[2012-10-17 14:59:18] (ERROR in xPDOConnection::connect @ C:\wamp\www\mokryak\www\mokryak.com\core\xpdo\xpdo.class.php : 2999) SQLSTATE[HY000] [1045] Access denied for user 'admin'@'localhost' (using password: YES)
[2012-10-17 14:59:18] (ERROR in xPDOConnection::connect @ C:\wamp\www\mokryak\www\mokryak.com\core\xpdo\xpdo.class.php : 2999) SQLSTATE[HY000] [1045] Access denied for user 'admin'@'localhost' (using password: YES)
[2012-10-17 14:59:18] (ERROR @ /manager/index.php) Error preparing statement for query: SELECT `modAction`.`id` AS `modAction_id`, `modAction`.`namespace` AS `modAction_namespace`, `modAction`.`controller` AS `modAction_controller`, `modAction`.`haslayout` AS `modAction_haslayout`, `modAction`.`lang_topics` AS `modAction_lang_topics`, `modAction`.`assets` AS `modAction_assets`, `modAction`.`help_url` AS `modAction_help_url` FROM `modx_actions` AS `modAction` WHERE  ( `modAction`.`namespace` = ? AND `modAction`.`controller` = ? )   - 
[2012-10-17 15:02:17] (ERROR in xPDOConnection::connect @ C:\wamp\www\mokryak\www\mokryak.com\core\xpdo\xpdo.class.php : 2999) SQLSTATE[HY000] [1045] Access denied for user 'admin'@'localhost' (using password: YES)
[2012-10-17 15:02:17] (ERROR in xPDOConnection::connect @ C:\wamp\www\mokryak\www\mokryak.com\core\xpdo\xpdo.class.php : 2999) SQLSTATE[HY000] [1045] Access denied for user 'admin'@'localhost' (using password: YES)
[2012-10-17 15:02:17] (ERROR @ /manager/index.php) Error preparing statement for query: SELECT `modSession`.`id` AS `modSession_id`, `modSession`.`access` AS `modSession_access`, `modSession`.`data` AS `modSession_data` FROM `modx_session` AS `modSession` WHERE `modSession`.`id` = ?  - 
[2012-10-17 15:02:17] (ERROR in xPDOConnection::connect @ C:\wamp\www\mokryak\www\mokryak.com\core\xpdo\xpdo.class.php : 2999) SQLSTATE[HY000] [1045] Access denied for user 'admin'@'localhost' (using password: YES)
[2012-10-17 15:02:17] (ERROR in xPDOConnection::connect @ C:\wamp\www\mokryak\www\mokryak.com\core\xpdo\xpdo.class.php : 2999) SQLSTATE[HY000] [1045] Access denied for user 'admin'@'localhost' (using password: YES)
[2012-10-17 15:02:17] (ERROR @ /manager/index.php) Error preparing statement for query: SELECT `modAction`.`id` AS `modAction_id`, `modAction`.`namespace` AS `modAction_namespace`, `modAction`.`controller` AS `modAction_controller`, `modAction`.`haslayout` AS `modAction_haslayout`, `modAction`.`lang_topics` AS `modAction_lang_topics`, `modAction`.`assets` AS `modAction_assets`, `modAction`.`help_url` AS `modAction_help_url` FROM `modx_actions` AS `modAction` WHERE  ( `modAction`.`namespace` = ? AND `modAction`.`controller` = ? )   - 
[2012-10-17 15:03:58] (ERROR in xPDOConnection::connect @ C:\wamp\www\mokryak\www\mokryak.com\core\xpdo\xpdo.class.php : 2999) SQLSTATE[HY000] [1045] Access denied for user 'admin'@'localhost' (using password: YES)
[2012-10-17 15:03:58] (ERROR in xPDOConnection::connect @ C:\wamp\www\mokryak\www\mokryak.com\core\xpdo\xpdo.class.php : 2999) SQLSTATE[HY000] [1045] Access denied for user 'admin'@'localhost' (using password: YES)
[2012-10-17 15:03:58] (ERROR @ /manager/index.php) Error preparing statement for query: SELECT `modSession`.`id` AS `modSession_id`, `modSession`.`access` AS `modSession_access`, `modSession`.`data` AS `modSession_data` FROM `modx_session` AS `modSession` WHERE `modSession`.`id` = ?  - 
[2012-10-17 15:03:58] (ERROR in xPDOConnection::connect @ C:\wamp\www\mokryak\www\mokryak.com\core\xpdo\xpdo.class.php : 2999) SQLSTATE[HY000] [1045] Access denied for user 'admin'@'localhost' (using password: YES)
[2012-10-17 15:03:58] (ERROR in xPDOConnection::connect @ C:\wamp\www\mokryak\www\mokryak.com\core\xpdo\xpdo.class.php : 2999) SQLSTATE[HY000] [1045] Access denied for user 'admin'@'localhost' (using password: YES)
[2012-10-17 15:03:58] (ERROR @ /manager/index.php) Error preparing statement for query: SELECT `modAction`.`id` AS `modAction_id`, `modAction`.`namespace` AS `modAction_namespace`, `modAction`.`controller` AS `modAction_controller`, `modAction`.`haslayout` AS `modAction_haslayout`, `modAction`.`lang_topics` AS `modAction_lang_topics`, `modAction`.`assets` AS `modAction_assets`, `modAction`.`help_url` AS `modAction_help_url` FROM `modx_actions` AS `modAction` WHERE  ( `modAction`.`namespace` = ? AND `modAction`.`controller` = ? )   - 
[2012-10-17 15:04:18] (ERROR in xPDOConnection::connect @ C:\wamp\www\mokryak\www\mokryak.com\core\xpdo\xpdo.class.php : 2999) SQLSTATE[HY000] [1045] Access denied for user 'admin'@'localhost' (using password: YES)
[2012-10-17 15:04:18] (ERROR in xPDOConnection::connect @ C:\wamp\www\mokryak\www\mokryak.com\core\xpdo\xpdo.class.php : 2999) SQLSTATE[HY000] [1045] Access denied for user 'admin'@'localhost' (using password: YES)
[2012-10-17 15:04:18] (ERROR @ /manager/index.php) Error preparing statement for query: SELECT `modSession`.`id` AS `modSession_id`, `modSession`.`access` AS `modSession_access`, `modSession`.`data` AS `modSession_data` FROM `modx_session` AS `modSession` WHERE `modSession`.`id` = ?  - 
[2012-10-17 15:04:18] (ERROR in xPDOConnection::connect @ C:\wamp\www\mokryak\www\mokryak.com\core\xpdo\xpdo.class.php : 2999) SQLSTATE[HY000] [1045] Access denied for user 'admin'@'localhost' (using password: YES)
[2012-10-17 15:04:18] (ERROR in xPDOConnection::connect @ C:\wamp\www\mokryak\www\mokryak.com\core\xpdo\xpdo.class.php : 2999) SQLSTATE[HY000] [1045] Access denied for user 'admin'@'localhost' (using password: YES)
[2012-10-17 15:04:18] (ERROR @ /manager/index.php) Error preparing statement for query: SELECT `modAction`.`id` AS `modAction_id`, `modAction`.`namespace` AS `modAction_namespace`, `modAction`.`controller` AS `modAction_controller`, `modAction`.`haslayout` AS `modAction_haslayout`, `modAction`.`lang_topics` AS `modAction_lang_topics`, `modAction`.`assets` AS `modAction_assets`, `modAction`.`help_url` AS `modAction_help_url` FROM `modx_actions` AS `modAction` WHERE  ( `modAction`.`namespace` = ? AND `modAction`.`controller` = ? )   - 
[2012-10-17 15:04:18] (ERROR in xPDOConnection::connect @ C:\wamp\www\mokryak\www\mokryak.com\core\xpdo\xpdo.class.php : 2999) SQLSTATE[HY000] [1045] Access denied for user 'admin'@'localhost' (using password: YES)
[2012-10-17 15:04:18] (ERROR in xPDOConnection::connect @ C:\wamp\www\mokryak\www\mokryak.com\core\xpdo\xpdo.class.php : 2999) SQLSTATE[HY000] [1045] Access denied for user 'admin'@'localhost' (using password: YES)
[2012-10-17 15:04:18] (ERROR @ /manager/index.php) Error preparing statement for query: SELECT `modSession`.`id` AS `modSession_id`, `modSession`.`access` AS `modSession_access`, `modSession`.`data` AS `modSession_data` FROM `modx_session` AS `modSession` WHERE `modSession`.`id` = ?  - 
[2012-10-17 15:04:18] (ERROR in xPDOConnection::connect @ C:\wamp\www\mokryak\www\mokryak.com\core\xpdo\xpdo.class.php : 2999) SQLSTATE[HY000] [1045] Access denied for user 'admin'@'localhost' (using password: YES)
[2012-10-17 15:04:18] (ERROR in xPDOConnection::connect @ C:\wamp\www\mokryak\www\mokryak.com\core\xpdo\xpdo.class.php : 2999) SQLSTATE[HY000] [1045] Access denied for user 'admin'@'localhost' (using password: YES)
[2012-10-17 15:04:19] (ERROR @ /manager/index.php) Error preparing statement for query: SELECT `modAction`.`id` AS `modAction_id`, `modAction`.`namespace` AS `modAction_namespace`, `modAction`.`controller` AS `modAction_controller`, `modAction`.`haslayout` AS `modAction_haslayout`, `modAction`.`lang_topics` AS `modAction_lang_topics`, `modAction`.`assets` AS `modAction_assets`, `modAction`.`help_url` AS `modAction_help_url` FROM `modx_actions` AS `modAction` WHERE  ( `modAction`.`namespace` = ? AND `modAction`.`controller` = ? )   - 
[2012-10-17 15:04:35] (ERROR in xPDOConnection::connect @ C:\wamp\www\mokryak\www\mokryak.com\core\xpdo\xpdo.class.php : 2999) SQLSTATE[HY000] [1045] Access denied for user 'admin'@'localhost' (using password: YES)
[2012-10-17 15:04:35] (ERROR in xPDOConnection::connect @ C:\wamp\www\mokryak\www\mokryak.com\core\xpdo\xpdo.class.php : 2999) SQLSTATE[HY000] [1045] Access denied for user 'admin'@'localhost' (using password: YES)
[2012-10-17 15:04:35] (ERROR @ /manager/index.php) Error preparing statement for query: SELECT `modSession`.`id` AS `modSession_id`, `modSession`.`access` AS `modSession_access`, `modSession`.`data` AS `modSession_data` FROM `modx_session` AS `modSession` WHERE `modSession`.`id` = ?  - 
[2012-10-17 15:04:35] (ERROR in xPDOConnection::connect @ C:\wamp\www\mokryak\www\mokryak.com\core\xpdo\xpdo.class.php : 2999) SQLSTATE[HY000] [1045] Access denied for user 'admin'@'localhost' (using password: YES)
[2012-10-17 15:04:35] (ERROR in xPDOConnection::connect @ C:\wamp\www\mokryak\www\mokryak.com\core\xpdo\xpdo.class.php : 2999) SQLSTATE[HY000] [1045] Access denied for user 'admin'@'localhost' (using password: YES)
[2012-10-17 15:04:35] (ERROR @ /manager/index.php) Error preparing statement for query: SELECT `modAction`.`id` AS `modAction_id`, `modAction`.`namespace` AS `modAction_namespace`, `modAction`.`controller` AS `modAction_controller`, `modAction`.`haslayout` AS `modAction_haslayout`, `modAction`.`lang_topics` AS `modAction_lang_topics`, `modAction`.`assets` AS `modAction_assets`, `modAction`.`help_url` AS `modAction_help_url` FROM `modx_actions` AS `modAction` WHERE  ( `modAction`.`namespace` = ? AND `modAction`.`controller` = ? )   - 
[2012-10-17 15:04:42] (ERROR in xPDOConnection::connect @ C:\wamp\www\mokryak\www\mokryak.com\core\xpdo\xpdo.class.php : 2999) SQLSTATE[HY000] [1045] Access denied for user 'admin'@'localhost' (using password: YES)
[2012-10-17 15:04:42] (ERROR in xPDOConnection::connect @ C:\wamp\www\mokryak\www\mokryak.com\core\xpdo\xpdo.class.php : 2999) SQLSTATE[HY000] [1045] Access denied for user 'admin'@'localhost' (using password: YES)
[2012-10-17 15:04:42] (ERROR @ /manager/index.php) Error preparing statement for query: SELECT `modSession`.`id` AS `modSession_id`, `modSession`.`access` AS `modSession_access`, `modSession`.`data` AS `modSession_data` FROM `modx_session` AS `modSession` WHERE `modSession`.`id` = ?  - 
[2012-10-17 15:04:42] (ERROR in xPDOConnection::connect @ C:\wamp\www\mokryak\www\mokryak.com\core\xpdo\xpdo.class.php : 2999) SQLSTATE[HY000] [1045] Access denied for user 'admin'@'localhost' (using password: YES)
[2012-10-17 15:04:42] (ERROR in xPDOConnection::connect @ C:\wamp\www\mokryak\www\mokryak.com\core\xpdo\xpdo.class.php : 2999) SQLSTATE[HY000] [1045] Access denied for user 'admin'@'localhost' (using password: YES)
[2012-10-17 15:04:42] (ERROR @ /manager/index.php) Error preparing statement for query: SELECT `modAction`.`id` AS `modAction_id`, `modAction`.`namespace` AS `modAction_namespace`, `modAction`.`controller` AS `modAction_controller`, `modAction`.`haslayout` AS `modAction_haslayout`, `modAction`.`lang_topics` AS `modAction_lang_topics`, `modAction`.`assets` AS `modAction_assets`, `modAction`.`help_url` AS `modAction_help_url` FROM `modx_actions` AS `modAction` WHERE  ( `modAction`.`namespace` = ? AND `modAction`.`controller` = ? )   - 
[2012-10-17 15:04:49] (ERROR in xPDOConnection::connect @ C:\wamp\www\mokryak\www\mokryak.com\core\xpdo\xpdo.class.php : 2999) SQLSTATE[HY000] [1045] Access denied for user 'admin'@'localhost' (using password: YES)
[2012-10-17 15:04:49] (ERROR in xPDOConnection::connect @ C:\wamp\www\mokryak\www\mokryak.com\core\xpdo\xpdo.class.php : 2999) SQLSTATE[HY000] [1045] Access denied for user 'admin'@'localhost' (using password: YES)
[2012-10-17 15:04:49] (ERROR @ /manager/index.php) Error preparing statement for query: SELECT `modSession`.`id` AS `modSession_id`, `modSession`.`access` AS `modSession_access`, `modSession`.`data` AS `modSession_data` FROM `modx_session` AS `modSession` WHERE `modSession`.`id` = ?  - 
[2012-10-17 15:04:49] (ERROR in xPDOConnection::connect @ C:\wamp\www\mokryak\www\mokryak.com\core\xpdo\xpdo.class.php : 2999) SQLSTATE[HY000] [1045] Access denied for user 'admin'@'localhost' (using password: YES)
[2012-10-17 15:04:49] (ERROR in xPDOConnection::connect @ C:\wamp\www\mokryak\www\mokryak.com\core\xpdo\xpdo.class.php : 2999) SQLSTATE[HY000] [1045] Access denied for user 'admin'@'localhost' (using password: YES)
[2012-10-17 15:04:49] (ERROR @ /manager/index.php) Error preparing statement for query: SELECT `modAction`.`id` AS `modAction_id`, `modAction`.`namespace` AS `modAction_namespace`, `modAction`.`controller` AS `modAction_controller`, `modAction`.`haslayout` AS `modAction_haslayout`, `modAction`.`lang_topics` AS `modAction_lang_topics`, `modAction`.`assets` AS `modAction_assets`, `modAction`.`help_url` AS `modAction_help_url` FROM `modx_actions` AS `modAction` WHERE  ( `modAction`.`namespace` = ? AND `modAction`.`controller` = ? )   - 
[2012-10-17 15:04:52] (ERROR in xPDOConnection::connect @ C:\wamp\www\mokryak\www\mokryak.com\core\xpdo\xpdo.class.php : 2999) SQLSTATE[HY000] [1045] Access denied for user 'admin'@'localhost' (using password: YES)
[2012-10-17 15:04:52] (ERROR in xPDOConnection::connect @ C:\wamp\www\mokryak\www\mokryak.com\core\xpdo\xpdo.class.php : 2999) SQLSTATE[HY000] [1045] Access denied for user 'admin'@'localhost' (using password: YES)
[2012-10-17 15:04:52] (ERROR @ /manager/index.php) Error preparing statement for query: SELECT `modSession`.`id` AS `modSession_id`, `modSession`.`access` AS `modSession_access`, `modSession`.`data` AS `modSession_data` FROM `modx_session` AS `modSession` WHERE `modSession`.`id` = ?  - 
[2012-10-17 15:04:52] (ERROR in xPDOConnection::connect @ C:\wamp\www\mokryak\www\mokryak.com\core\xpdo\xpdo.class.php : 2999) SQLSTATE[HY000] [1045] Access denied for user 'admin'@'localhost' (using password: YES)
[2012-10-17 15:04:52] (ERROR in xPDOConnection::connect @ C:\wamp\www\mokryak\www\mokryak.com\core\xpdo\xpdo.class.php : 2999) SQLSTATE[HY000] [1045] Access denied for user 'admin'@'localhost' (using password: YES)
[2012-10-17 15:04:52] (ERROR @ /manager/index.php) Error preparing statement for query: SELECT `modAction`.`id` AS `modAction_id`, `modAction`.`namespace` AS `modAction_namespace`, `modAction`.`controller` AS `modAction_controller`, `modAction`.`haslayout` AS `modAction_haslayout`, `modAction`.`lang_topics` AS `modAction_lang_topics`, `modAction`.`assets` AS `modAction_assets`, `modAction`.`help_url` AS `modAction_help_url` FROM `modx_actions` AS `modAction` WHERE  ( `modAction`.`namespace` = ? AND `modAction`.`controller` = ? )   - 
[2012-10-17 15:05:07] (ERROR in xPDOConnection::connect @ C:\wamp\www\mokryak\www\mokryak.com\core\xpdo\xpdo.class.php : 2999) SQLSTATE[HY000] [1045] Access denied for user 'admin'@'localhost' (using password: YES)
[2012-10-17 15:05:07] (ERROR in xPDOConnection::connect @ C:\wamp\www\mokryak\www\mokryak.com\core\xpdo\xpdo.class.php : 2999) SQLSTATE[HY000] [1045] Access denied for user 'admin'@'localhost' (using password: YES)
[2012-10-17 15:05:07] (ERROR @ /manager/index.php) Error preparing statement for query: SELECT `modSession`.`id` AS `modSession_id`, `modSession`.`access` AS `modSession_access`, `modSession`.`data` AS `modSession_data` FROM `modx_session` AS `modSession` WHERE `modSession`.`id` = ?  - 
[2012-10-17 15:05:07] (ERROR in xPDOConnection::connect @ C:\wamp\www\mokryak\www\mokryak.com\core\xpdo\xpdo.class.php : 2999) SQLSTATE[HY000] [1045] Access denied for user 'admin'@'localhost' (using password: YES)
[2012-10-17 15:05:08] (ERROR in xPDOConnection::connect @ C:\wamp\www\mokryak\www\mokryak.com\core\xpdo\xpdo.class.php : 2999) SQLSTATE[HY000] [1045] Access denied for user 'admin'@'localhost' (using password: YES)
[2012-10-17 15:05:08] (ERROR @ /manager/index.php) Error preparing statement for query: SELECT `modAction`.`id` AS `modAction_id`, `modAction`.`namespace` AS `modAction_namespace`, `modAction`.`controller` AS `modAction_controller`, `modAction`.`haslayout` AS `modAction_haslayout`, `modAction`.`lang_topics` AS `modAction_lang_topics`, `modAction`.`assets` AS `modAction_assets`, `modAction`.`help_url` AS `modAction_help_url` FROM `modx_actions` AS `modAction` WHERE  ( `modAction`.`namespace` = ? AND `modAction`.`controller` = ? )   - 
[2012-10-17 15:05:08] (ERROR in xPDOConnection::connect @ C:\wamp\www\mokryak\www\mokryak.com\core\xpdo\xpdo.class.php : 2999) SQLSTATE[HY000] [1045] Access denied for user 'admin'@'localhost' (using password: YES)
[2012-10-17 15:05:08] (ERROR in xPDOConnection::connect @ C:\wamp\www\mokryak\www\mokryak.com\core\xpdo\xpdo.class.php : 2999) SQLSTATE[HY000] [1045] Access denied for user 'admin'@'localhost' (using password: YES)
[2012-10-17 15:05:08] (ERROR @ /manager/index.php) Error preparing statement for query: SELECT `modSession`.`id` AS `modSession_id`, `modSession`.`access` AS `modSession_access`, `modSession`.`data` AS `modSession_data` FROM `modx_session` AS `modSession` WHERE `modSession`.`id` = ?  - 
[2012-10-17 15:05:08] (ERROR in xPDOConnection::connect @ C:\wamp\www\mokryak\www\mokryak.com\core\xpdo\xpdo.class.php : 2999) SQLSTATE[HY000] [1045] Access denied for user 'admin'@'localhost' (using password: YES)
[2012-10-17 15:05:08] (ERROR in xPDOConnection::connect @ C:\wamp\www\mokryak\www\mokryak.com\core\xpdo\xpdo.class.php : 2999) SQLSTATE[HY000] [1045] Access denied for user 'admin'@'localhost' (using password: YES)
[2012-10-17 15:05:08] (ERROR @ /manager/index.php) Error preparing statement for query: SELECT `modAction`.`id` AS `modAction_id`, `modAction`.`namespace` AS `modAction_namespace`, `modAction`.`controller` AS `modAction_controller`, `modAction`.`haslayout` AS `modAction_haslayout`, `modAction`.`lang_topics` AS `modAction_lang_topics`, `modAction`.`assets` AS `modAction_assets`, `modAction`.`help_url` AS `modAction_help_url` FROM `modx_actions` AS `modAction` WHERE  ( `modAction`.`namespace` = ? AND `modAction`.`controller` = ? )   - 
[2012-10-17 15:18:24] (ERROR in xPDOConnection::connect @ C:\wamp\www\mokryak\www\mokryak.com\core\xpdo\xpdo.class.php : 2999) SQLSTATE[HY000] [1045] Access denied for user 'admin'@'localhost' (using password: YES)
[2012-10-17 15:18:24] (ERROR in xPDOConnection::connect @ C:\wamp\www\mokryak\www\mokryak.com\core\xpdo\xpdo.class.php : 2999) SQLSTATE[HY000] [1045] Access denied for user 'admin'@'localhost' (using password: YES)
[2012-10-17 15:18:24] (ERROR @ /manager/index.php) Error preparing statement for query: SELECT `modSession`.`id` AS `modSession_id`, `modSession`.`access` AS `modSession_access`, `modSession`.`data` AS `modSession_data` FROM `modx_session` AS `modSession` WHERE `modSession`.`id` = ?  - 
[2012-10-17 15:18:25] (ERROR in xPDOConnection::connect @ C:\wamp\www\mokryak\www\mokryak.com\core\xpdo\xpdo.class.php : 2999) SQLSTATE[HY000] [1045] Access denied for user 'admin'@'localhost' (using password: YES)
[2012-10-17 15:18:25] (ERROR in xPDOConnection::connect @ C:\wamp\www\mokryak\www\mokryak.com\core\xpdo\xpdo.class.php : 2999) SQLSTATE[HY000] [1045] Access denied for user 'admin'@'localhost' (using password: YES)
[2012-10-17 15:18:25] (ERROR @ /manager/index.php) Error preparing statement for query: SELECT `modAction`.`id` AS `modAction_id`, `modAction`.`namespace` AS `modAction_namespace`, `modAction`.`controller` AS `modAction_controller`, `modAction`.`haslayout` AS `modAction_haslayout`, `modAction`.`lang_topics` AS `modAction_lang_topics`, `modAction`.`assets` AS `modAction_assets`, `modAction`.`help_url` AS `modAction_help_url` FROM `modx_actions` AS `modAction` WHERE  ( `modAction`.`namespace` = ? AND `modAction`.`controller` = ? )   - 
[2012-10-17 15:18:52] (ERROR in xPDOConnection::connect @ C:\wamp\www\mokryak\www\mokryak.com\core\xpdo\xpdo.class.php : 2999) SQLSTATE[HY000] [1045] Access denied for user 'admin'@'localhost' (using password: YES)
[2012-10-17 15:18:52] (ERROR in xPDOConnection::connect @ C:\wamp\www\mokryak\www\mokryak.com\core\xpdo\xpdo.class.php : 2999) SQLSTATE[HY000] [1045] Access denied for user 'admin'@'localhost' (using password: YES)
[2012-10-17 15:18:52] (ERROR @ /manager/index.php) Error preparing statement for query: SELECT `modSession`.`id` AS `modSession_id`, `modSession`.`access` AS `modSession_access`, `modSession`.`data` AS `modSession_data` FROM `modx_session` AS `modSession` WHERE `modSession`.`id` = ?  - 
[2012-10-17 15:18:52] (ERROR in xPDOConnection::connect @ C:\wamp\www\mokryak\www\mokryak.com\core\xpdo\xpdo.class.php : 2999) SQLSTATE[HY000] [1045] Access denied for user 'admin'@'localhost' (using password: YES)
[2012-10-17 15:18:52] (ERROR in xPDOConnection::connect @ C:\wamp\www\mokryak\www\mokryak.com\core\xpdo\xpdo.class.php : 2999) SQLSTATE[HY000] [1045] Access denied for user 'admin'@'localhost' (using password: YES)
[2012-10-17 15:18:52] (ERROR @ /manager/index.php) Error preparing statement for query: SELECT `modAction`.`id` AS `modAction_id`, `modAction`.`namespace` AS `modAction_namespace`, `modAction`.`controller` AS `modAction_controller`, `modAction`.`haslayout` AS `modAction_haslayout`, `modAction`.`lang_topics` AS `modAction_lang_topics`, `modAction`.`assets` AS `modAction_assets`, `modAction`.`help_url` AS `modAction_help_url` FROM `modx_actions` AS `modAction` WHERE  ( `modAction`.`namespace` = ? AND `modAction`.`controller` = ? )   - 
[2012-10-17 15:18:59] (ERROR in xPDOConnection::connect @ C:\wamp\www\mokryak\www\mokryak.com\core\xpdo\xpdo.class.php : 2999) SQLSTATE[HY000] [1045] Access denied for user 'admin'@'localhost' (using password: YES)
[2012-10-17 15:18:59] (ERROR in xPDOConnection::connect @ C:\wamp\www\mokryak\www\mokryak.com\core\xpdo\xpdo.class.php : 2999) SQLSTATE[HY000] [1045] Access denied for user 'admin'@'localhost' (using password: YES)
[2012-10-17 15:18:59] (ERROR @ /manager/index.php) Error preparing statement for query: SELECT `modSession`.`id` AS `modSession_id`, `modSession`.`access` AS `modSession_access`, `modSession`.`data` AS `modSession_data` FROM `modx_session` AS `modSession` WHERE `modSession`.`id` = ?  - 
[2012-10-17 15:18:59] (ERROR in xPDOConnection::connect @ C:\wamp\www\mokryak\www\mokryak.com\core\xpdo\xpdo.class.php : 2999) SQLSTATE[HY000] [1045] Access denied for user 'admin'@'localhost' (using password: YES)
[2012-10-17 15:18:59] (ERROR in xPDOConnection::connect @ C:\wamp\www\mokryak\www\mokryak.com\core\xpdo\xpdo.class.php : 2999) SQLSTATE[HY000] [1045] Access denied for user 'admin'@'localhost' (using password: YES)
[2012-10-17 15:18:59] (ERROR @ /manager/index.php) Error preparing statement for query: SELECT `modAction`.`id` AS `modAction_id`, `modAction`.`namespace` AS `modAction_namespace`, `modAction`.`controller` AS `modAction_controller`, `modAction`.`haslayout` AS `modAction_haslayout`, `modAction`.`lang_topics` AS `modAction_lang_topics`, `modAction`.`assets` AS `modAction_assets`, `modAction`.`help_url` AS `modAction_help_url` FROM `modx_actions` AS `modAction` WHERE  ( `modAction`.`namespace` = ? AND `modAction`.`controller` = ? )   - 
[2012-10-17 15:18:59] (ERROR in xPDOConnection::connect @ C:\wamp\www\mokryak\www\mokryak.com\core\xpdo\xpdo.class.php : 2999) SQLSTATE[HY000] [1045] Access denied for user 'admin'@'localhost' (using password: YES)
[2012-10-17 15:18:59] (ERROR in xPDOConnection::connect @ C:\wamp\www\mokryak\www\mokryak.com\core\xpdo\xpdo.class.php : 2999) SQLSTATE[HY000] [1045] Access denied for user 'admin'@'localhost' (using password: YES)
[2012-10-17 15:18:59] (ERROR @ /manager/index.php) Error preparing statement for query: SELECT `modSession`.`id` AS `modSession_id`, `modSession`.`access` AS `modSession_access`, `modSession`.`data` AS `modSession_data` FROM `modx_session` AS `modSession` WHERE `modSession`.`id` = ?  - 
[2012-10-17 15:18:59] (ERROR in xPDOConnection::connect @ C:\wamp\www\mokryak\www\mokryak.com\core\xpdo\xpdo.class.php : 2999) SQLSTATE[HY000] [1045] Access denied for user 'admin'@'localhost' (using password: YES)
[2012-10-17 15:18:59] (ERROR in xPDOConnection::connect @ C:\wamp\www\mokryak\www\mokryak.com\core\xpdo\xpdo.class.php : 2999) SQLSTATE[HY000] [1045] Access denied for user 'admin'@'localhost' (using password: YES)
[2012-10-17 15:18:59] (ERROR @ /manager/index.php) Error preparing statement for query: SELECT `modAction`.`id` AS `modAction_id`, `modAction`.`namespace` AS `modAction_namespace`, `modAction`.`controller` AS `modAction_controller`, `modAction`.`haslayout` AS `modAction_haslayout`, `modAction`.`lang_topics` AS `modAction_lang_topics`, `modAction`.`assets` AS `modAction_assets`, `modAction`.`help_url` AS `modAction_help_url` FROM `modx_actions` AS `modAction` WHERE  ( `modAction`.`namespace` = ? AND `modAction`.`controller` = ? )   - 
[2012-10-17 15:19:41] (ERROR in xPDOConnection::connect @ C:\wamp\www\mokryak\www\mokryak.com\core\xpdo\xpdo.class.php : 2999) SQLSTATE[HY000] [1045] Access denied for user 'admin'@'localhost' (using password: YES)
[2012-10-17 15:19:41] (ERROR in xPDOConnection::connect @ C:\wamp\www\mokryak\www\mokryak.com\core\xpdo\xpdo.class.php : 2999) SQLSTATE[HY000] [1045] Access denied for user 'admin'@'localhost' (using password: YES)
[2012-10-17 15:19:41] (ERROR @ /manager/index.php) Error preparing statement for query: SELECT `modSession`.`id` AS `modSession_id`, `modSession`.`access` AS `modSession_access`, `modSession`.`data` AS `modSession_data` FROM `modx_session` AS `modSession` WHERE `modSession`.`id` = ?  - 
[2012-10-17 15:19:41] (ERROR in xPDOConnection::connect @ C:\wamp\www\mokryak\www\mokryak.com\core\xpdo\xpdo.class.php : 2999) SQLSTATE[HY000] [1045] Access denied for user 'admin'@'localhost' (using password: YES)
[2012-10-17 15:19:41] (ERROR in xPDOConnection::connect @ C:\wamp\www\mokryak\www\mokryak.com\core\xpdo\xpdo.class.php : 2999) SQLSTATE[HY000] [1045] Access denied for user 'admin'@'localhost' (using password: YES)
[2012-10-17 15:19:41] (ERROR @ /manager/index.php) Error preparing statement for query: SELECT `modAction`.`id` AS `modAction_id`, `modAction`.`namespace` AS `modAction_namespace`, `modAction`.`controller` AS `modAction_controller`, `modAction`.`haslayout` AS `modAction_haslayout`, `modAction`.`lang_topics` AS `modAction_lang_topics`, `modAction`.`assets` AS `modAction_assets`, `modAction`.`help_url` AS `modAction_help_url` FROM `modx_actions` AS `modAction` WHERE  ( `modAction`.`namespace` = ? AND `modAction`.`controller` = ? )   - 
[2012-10-17 15:19:41] (ERROR in xPDOConnection::connect @ C:\wamp\www\mokryak\www\mokryak.com\core\xpdo\xpdo.class.php : 2999) SQLSTATE[HY000] [1045] Access denied for user 'admin'@'localhost' (using password: YES)
[2012-10-17 15:19:41] (ERROR in xPDOConnection::connect @ C:\wamp\www\mokryak\www\mokryak.com\core\xpdo\xpdo.class.php : 2999) SQLSTATE[HY000] [1045] Access denied for user 'admin'@'localhost' (using password: YES)
[2012-10-17 15:19:41] (ERROR @ /manager/index.php) Error preparing statement for query: SELECT `modSession`.`id` AS `modSession_id`, `modSession`.`access` AS `modSession_access`, `modSession`.`data` AS `modSession_data` FROM `modx_session` AS `modSession` WHERE `modSession`.`id` = ?  - 
[2012-10-17 15:19:41] (ERROR in xPDOConnection::connect @ C:\wamp\www\mokryak\www\mokryak.com\core\xpdo\xpdo.class.php : 2999) SQLSTATE[HY000] [1045] Access denied for user 'admin'@'localhost' (using password: YES)
[2012-10-17 15:19:42] (ERROR in xPDOConnection::connect @ C:\wamp\www\mokryak\www\mokryak.com\core\xpdo\xpdo.class.php : 2999) SQLSTATE[HY000] [1045] Access denied for user 'admin'@'localhost' (using password: YES)
[2012-10-17 15:19:42] (ERROR @ /manager/index.php) Error preparing statement for query: SELECT `modAction`.`id` AS `modAction_id`, `modAction`.`namespace` AS `modAction_namespace`, `modAction`.`controller` AS `modAction_controller`, `modAction`.`haslayout` AS `modAction_haslayout`, `modAction`.`lang_topics` AS `modAction_lang_topics`, `modAction`.`assets` AS `modAction_assets`, `modAction`.`help_url` AS `modAction_help_url` FROM `modx_actions` AS `modAction` WHERE  ( `modAction`.`namespace` = ? AND `modAction`.`controller` = ? )   - 
[2012-10-17 15:19:50] (ERROR in xPDOConnection::connect @ C:\wamp\www\mokryak\www\mokryak.com\core\xpdo\xpdo.class.php : 2999) SQLSTATE[HY000] [1045] Access denied for user 'admin'@'localhost' (using password: YES)
[2012-10-17 15:19:50] (ERROR in xPDOConnection::connect @ C:\wamp\www\mokryak\www\mokryak.com\core\xpdo\xpdo.class.php : 2999) SQLSTATE[HY000] [1045] Access denied for user 'admin'@'localhost' (using password: YES)
[2012-10-17 15:19:50] (ERROR @ /manager/index.php) Error preparing statement for query: SELECT `modSession`.`id` AS `modSession_id`, `modSession`.`access` AS `modSession_access`, `modSession`.`data` AS `modSession_data` FROM `modx_session` AS `modSession` WHERE `modSession`.`id` = ?  - 
[2012-10-17 15:19:50] (ERROR in xPDOConnection::connect @ C:\wamp\www\mokryak\www\mokryak.com\core\xpdo\xpdo.class.php : 2999) SQLSTATE[HY000] [1045] Access denied for user 'admin'@'localhost' (using password: YES)
[2012-10-17 15:19:50] (ERROR in xPDOConnection::connect @ C:\wamp\www\mokryak\www\mokryak.com\core\xpdo\xpdo.class.php : 2999) SQLSTATE[HY000] [1045] Access denied for user 'admin'@'localhost' (using password: YES)
[2012-10-17 15:19:50] (ERROR @ /manager/index.php) Error preparing statement for query: SELECT `modAction`.`id` AS `modAction_id`, `modAction`.`namespace` AS `modAction_namespace`, `modAction`.`controller` AS `modAction_controller`, `modAction`.`haslayout` AS `modAction_haslayout`, `modAction`.`lang_topics` AS `modAction_lang_topics`, `modAction`.`assets` AS `modAction_assets`, `modAction`.`help_url` AS `modAction_help_url` FROM `modx_actions` AS `modAction` WHERE  ( `modAction`.`namespace` = ? AND `modAction`.`controller` = ? )   - 
[2012-10-17 15:20:56] (ERROR in xPDOConnection::connect @ C:\wamp\www\mokryak\www\mokryak.com\core\xpdo\xpdo.class.php : 2999) SQLSTATE[HY000] [1045] Access denied for user 'admin'@'localhost' (using password: YES)
[2012-10-17 15:20:56] (ERROR in xPDOConnection::connect @ C:\wamp\www\mokryak\www\mokryak.com\core\xpdo\xpdo.class.php : 2999) SQLSTATE[HY000] [1045] Access denied for user 'admin'@'localhost' (using password: YES)
[2012-10-17 15:20:56] (ERROR @ /manager/index.php) Error preparing statement for query: SELECT `modSession`.`id` AS `modSession_id`, `modSession`.`access` AS `modSession_access`, `modSession`.`data` AS `modSession_data` FROM `modx_session` AS `modSession` WHERE `modSession`.`id` = ?  - 
[2012-10-17 15:20:56] (ERROR in xPDOConnection::connect @ C:\wamp\www\mokryak\www\mokryak.com\core\xpdo\xpdo.class.php : 2999) SQLSTATE[HY000] [1045] Access denied for user 'admin'@'localhost' (using password: YES)
[2012-10-17 15:20:56] (ERROR in xPDOConnection::connect @ C:\wamp\www\mokryak\www\mokryak.com\core\xpdo\xpdo.class.php : 2999) SQLSTATE[HY000] [1045] Access denied for user 'admin'@'localhost' (using password: YES)
[2012-10-17 15:20:56] (ERROR @ /manager/index.php) Error preparing statement for query: SELECT `modAction`.`id` AS `modAction_id`, `modAction`.`namespace` AS `modAction_namespace`, `modAction`.`controller` AS `modAction_controller`, `modAction`.`haslayout` AS `modAction_haslayout`, `modAction`.`lang_topics` AS `modAction_lang_topics`, `modAction`.`assets` AS `modAction_assets`, `modAction`.`help_url` AS `modAction_help_url` FROM `modx_actions` AS `modAction` WHERE  ( `modAction`.`namespace` = ? AND `modAction`.`controller` = ? )   - 
[2012-10-17 15:20:58] (ERROR in xPDOConnection::connect @ C:\wamp\www\mokryak\www\mokryak.com\core\xpdo\xpdo.class.php : 2999) SQLSTATE[HY000] [1045] Access denied for user 'admin'@'localhost' (using password: YES)
[2012-10-17 15:20:58] (ERROR in xPDOConnection::connect @ C:\wamp\www\mokryak\www\mokryak.com\core\xpdo\xpdo.class.php : 2999) SQLSTATE[HY000] [1045] Access denied for user 'admin'@'localhost' (using password: YES)
[2012-10-17 15:20:58] (ERROR @ /manager/index.php) Error preparing statement for query: SELECT `modSession`.`id` AS `modSession_id`, `modSession`.`access` AS `modSession_access`, `modSession`.`data` AS `modSession_data` FROM `modx_session` AS `modSession` WHERE `modSession`.`id` = ?  - 
[2012-10-17 15:20:58] (ERROR in xPDOConnection::connect @ C:\wamp\www\mokryak\www\mokryak.com\core\xpdo\xpdo.class.php : 2999) SQLSTATE[HY000] [1045] Access denied for user 'admin'@'localhost' (using password: YES)
[2012-10-17 15:20:58] (ERROR in xPDOConnection::connect @ C:\wamp\www\mokryak\www\mokryak.com\core\xpdo\xpdo.class.php : 2999) SQLSTATE[HY000] [1045] Access denied for user 'admin'@'localhost' (using password: YES)
[2012-10-17 15:20:58] (ERROR @ /manager/index.php) Error preparing statement for query: SELECT `modAction`.`id` AS `modAction_id`, `modAction`.`namespace` AS `modAction_namespace`, `modAction`.`controller` AS `modAction_controller`, `modAction`.`haslayout` AS `modAction_haslayout`, `modAction`.`lang_topics` AS `modAction_lang_topics`, `modAction`.`assets` AS `modAction_assets`, `modAction`.`help_url` AS `modAction_help_url` FROM `modx_actions` AS `modAction` WHERE  ( `modAction`.`namespace` = ? AND `modAction`.`controller` = ? )   - 
[2012-10-17 15:20:59] (ERROR in xPDOConnection::connect @ C:\wamp\www\mokryak\www\mokryak.com\core\xpdo\xpdo.class.php : 2999) SQLSTATE[HY000] [1045] Access denied for user 'admin'@'localhost' (using password: YES)
[2012-10-17 15:20:59] (ERROR in xPDOConnection::connect @ C:\wamp\www\mokryak\www\mokryak.com\core\xpdo\xpdo.class.php : 2999) SQLSTATE[HY000] [1045] Access denied for user 'admin'@'localhost' (using password: YES)
[2012-10-17 15:20:59] (ERROR @ /manager/index.php) Error preparing statement for query: SELECT `modSession`.`id` AS `modSession_id`, `modSession`.`access` AS `modSession_access`, `modSession`.`data` AS `modSession_data` FROM `modx_session` AS `modSession` WHERE `modSession`.`id` = ?  - 
[2012-10-17 15:20:59] (ERROR in xPDOConnection::connect @ C:\wamp\www\mokryak\www\mokryak.com\core\xpdo\xpdo.class.php : 2999) SQLSTATE[HY000] [1045] Access denied for user 'admin'@'localhost' (using password: YES)
[2012-10-17 15:20:59] (ERROR in xPDOConnection::connect @ C:\wamp\www\mokryak\www\mokryak.com\core\xpdo\xpdo.class.php : 2999) SQLSTATE[HY000] [1045] Access denied for user 'admin'@'localhost' (using password: YES)
[2012-10-17 15:20:59] (ERROR @ /manager/index.php) Error preparing statement for query: SELECT `modAction`.`id` AS `modAction_id`, `modAction`.`namespace` AS `modAction_namespace`, `modAction`.`controller` AS `modAction_controller`, `modAction`.`haslayout` AS `modAction_haslayout`, `modAction`.`lang_topics` AS `modAction_lang_topics`, `modAction`.`assets` AS `modAction_assets`, `modAction`.`help_url` AS `modAction_help_url` FROM `modx_actions` AS `modAction` WHERE  ( `modAction`.`namespace` = ? AND `modAction`.`controller` = ? )   - 
[2012-10-17 15:21:10] (ERROR in xPDOConnection::connect @ C:\wamp\www\mokryak\www\mokryak.com\core\xpdo\xpdo.class.php : 2999) SQLSTATE[HY000] [1045] Access denied for user 'admin'@'localhost' (using password: YES)
[2012-10-17 15:21:10] (ERROR in xPDOConnection::connect @ C:\wamp\www\mokryak\www\mokryak.com\core\xpdo\xpdo.class.php : 2999) SQLSTATE[HY000] [1045] Access denied for user 'admin'@'localhost' (using password: YES)
[2012-10-17 15:21:10] (ERROR @ /manager/index.php) Error preparing statement for query: SELECT `modSession`.`id` AS `modSession_id`, `modSession`.`access` AS `modSession_access`, `modSession`.`data` AS `modSession_data` FROM `modx_session` AS `modSession` WHERE `modSession`.`id` = ?  - 
[2012-10-17 15:21:10] (ERROR in xPDOConnection::connect @ C:\wamp\www\mokryak\www\mokryak.com\core\xpdo\xpdo.class.php : 2999) SQLSTATE[HY000] [1045] Access denied for user 'admin'@'localhost' (using password: YES)
[2012-10-17 15:21:10] (ERROR in xPDOConnection::connect @ C:\wamp\www\mokryak\www\mokryak.com\core\xpdo\xpdo.class.php : 2999) SQLSTATE[HY000] [1045] Access denied for user 'admin'@'localhost' (using password: YES)
[2012-10-17 15:21:10] (ERROR @ /manager/index.php) Error preparing statement for query: SELECT `modAction`.`id` AS `modAction_id`, `modAction`.`namespace` AS `modAction_namespace`, `modAction`.`controller` AS `modAction_controller`, `modAction`.`haslayout` AS `modAction_haslayout`, `modAction`.`lang_topics` AS `modAction_lang_topics`, `modAction`.`assets` AS `modAction_assets`, `modAction`.`help_url` AS `modAction_help_url` FROM `modx_actions` AS `modAction` WHERE  ( `modAction`.`namespace` = ? AND `modAction`.`controller` = ? )   - 
[2012-10-17 15:24:47] (ERROR in xPDOConnection::connect @ C:\wamp\www\mokryak\www\mokryak.com\core\xpdo\xpdo.class.php : 2999) SQLSTATE[HY000] [1045] Access denied for user 'admin'@'localhost' (using password: YES)
[2012-10-17 15:24:47] (ERROR in xPDOConnection::connect @ C:\wamp\www\mokryak\www\mokryak.com\core\xpdo\xpdo.class.php : 2999) SQLSTATE[HY000] [1045] Access denied for user 'admin'@'localhost' (using password: YES)
[2012-10-17 15:24:47] (ERROR @ /index.php) Error preparing statement for query: SELECT `modSession`.`id` AS `modSession_id`, `modSession`.`access` AS `modSession_access`, `modSession`.`data` AS `modSession_data` FROM `modx_session` AS `modSession` WHERE `modSession`.`id` = ?  - 
[2012-10-17 15:24:47] (ERROR in xPDOConnection::connect @ C:\wamp\www\mokryak\www\mokryak.com\core\xpdo\xpdo.class.php : 2999) SQLSTATE[HY000] [1045] Access denied for user 'admin'@'localhost' (using password: YES)
[2012-10-17 15:24:47] (ERROR in xPDOConnection::connect @ C:\wamp\www\mokryak\www\mokryak.com\core\xpdo\xpdo.class.php : 2999) SQLSTATE[HY000] [1045] Access denied for user 'admin'@'localhost' (using password: YES)
[2012-10-17 15:24:47] (ERROR @ /index.php) Error preparing statement for query: SELECT `modSession`.`id` AS `modSession_id`, `modSession`.`access` AS `modSession_access`, `modSession`.`data` AS `modSession_data` FROM `modx_session` AS `modSession` WHERE `modSession`.`id` = ?  - 
[2012-10-17 15:24:47] (ERROR in xPDOConnection::connect @ C:\wamp\www\mokryak\www\mokryak.com\core\xpdo\xpdo.class.php : 2999) SQLSTATE[HY000] [1045] Access denied for user 'admin'@'localhost' (using password: YES)
[2012-10-17 15:24:47] (ERROR in xPDOConnection::connect @ C:\wamp\www\mokryak\www\mokryak.com\core\xpdo\xpdo.class.php : 2999) SQLSTATE[HY000] [1045] Access denied for user 'admin'@'localhost' (using password: YES)
[2012-10-17 15:25:32] (ERROR in xPDOConnection::connect @ C:\wamp\www\mokryak\www\mokryak.com\core\xpdo\xpdo.class.php : 2999) SQLSTATE[HY000] [1045] Access denied for user 'admin'@'localhost' (using password: YES)
[2012-10-17 15:25:32] (ERROR in xPDOConnection::connect @ C:\wamp\www\mokryak\www\mokryak.com\core\xpdo\xpdo.class.php : 2999) SQLSTATE[HY000] [1045] Access denied for user 'admin'@'localhost' (using password: YES)
[2012-10-17 15:25:32] (ERROR @ /index.php) Error preparing statement for query: SELECT `modSession`.`id` AS `modSession_id`, `modSession`.`access` AS `modSession_access`, `modSession`.`data` AS `modSession_data` FROM `modx_session` AS `modSession` WHERE `modSession`.`id` = ?  - 
[2012-10-17 15:25:32] (ERROR in xPDOConnection::connect @ C:\wamp\www\mokryak\www\mokryak.com\core\xpdo\xpdo.class.php : 2999) SQLSTATE[HY000] [1045] Access denied for user 'admin'@'localhost' (using password: YES)
[2012-10-17 15:25:32] (ERROR in xPDOConnection::connect @ C:\wamp\www\mokryak\www\mokryak.com\core\xpdo\xpdo.class.php : 2999) SQLSTATE[HY000] [1045] Access denied for user 'admin'@'localhost' (using password: YES)
[2012-10-17 15:25:33] (ERROR @ /index.php) Error preparing statement for query: SELECT `modSession`.`id` AS `modSession_id`, `modSession`.`access` AS `modSession_access`, `modSession`.`data` AS `modSession_data` FROM `modx_session` AS `modSession` WHERE `modSession`.`id` = ?  - 
[2012-10-17 15:25:33] (ERROR in xPDOConnection::connect @ C:\wamp\www\mokryak\www\mokryak.com\core\xpdo\xpdo.class.php : 2999) SQLSTATE[HY000] [1045] Access denied for user 'admin'@'localhost' (using password: YES)
[2012-10-17 15:25:33] (ERROR in xPDOConnection::connect @ C:\wamp\www\mokryak\www\mokryak.com\core\xpdo\xpdo.class.php : 2999) SQLSTATE[HY000] [1045] Access denied for user 'admin'@'localhost' (using password: YES)
[2012-10-17 15:25:35] (ERROR in xPDOConnection::connect @ C:\wamp\www\mokryak\www\mokryak.com\core\xpdo\xpdo.class.php : 2999) SQLSTATE[HY000] [1045] Access denied for user 'admin'@'localhost' (using password: YES)
[2012-10-17 15:25:35] (ERROR in xPDOConnection::connect @ C:\wamp\www\mokryak\www\mokryak.com\core\xpdo\xpdo.class.php : 2999) SQLSTATE[HY000] [1045] Access denied for user 'admin'@'localhost' (using password: YES)
[2012-10-17 15:25:35] (ERROR @ /manager/index.php) Error preparing statement for query: SELECT `modSession`.`id` AS `modSession_id`, `modSession`.`access` AS `modSession_access`, `modSession`.`data` AS `modSession_data` FROM `modx_session` AS `modSession` WHERE `modSession`.`id` = ?  - 
[2012-10-17 15:25:35] (ERROR in xPDOConnection::connect @ C:\wamp\www\mokryak\www\mokryak.com\core\xpdo\xpdo.class.php : 2999) SQLSTATE[HY000] [1045] Access denied for user 'admin'@'localhost' (using password: YES)
[2012-10-17 15:25:35] (ERROR in xPDOConnection::connect @ C:\wamp\www\mokryak\www\mokryak.com\core\xpdo\xpdo.class.php : 2999) SQLSTATE[HY000] [1045] Access denied for user 'admin'@'localhost' (using password: YES)
[2012-10-17 15:25:35] (ERROR @ /manager/index.php) Error preparing statement for query: SELECT `modAction`.`id` AS `modAction_id`, `modAction`.`namespace` AS `modAction_namespace`, `modAction`.`controller` AS `modAction_controller`, `modAction`.`haslayout` AS `modAction_haslayout`, `modAction`.`lang_topics` AS `modAction_lang_topics`, `modAction`.`assets` AS `modAction_assets`, `modAction`.`help_url` AS `modAction_help_url` FROM `modx_actions` AS `modAction` WHERE  ( `modAction`.`namespace` = ? AND `modAction`.`controller` = ? )   - 
[2012-10-17 15:25:38] (ERROR in xPDOConnection::connect @ C:\wamp\www\mokryak\www\mokryak.com\core\xpdo\xpdo.class.php : 2999) SQLSTATE[HY000] [1045] Access denied for user 'admin'@'localhost' (using password: YES)
[2012-10-17 15:25:38] (ERROR in xPDOConnection::connect @ C:\wamp\www\mokryak\www\mokryak.com\core\xpdo\xpdo.class.php : 2999) SQLSTATE[HY000] [1045] Access denied for user 'admin'@'localhost' (using password: YES)
[2012-10-17 15:25:38] (ERROR @ /manager/index.php) Error preparing statement for query: SELECT `modSession`.`id` AS `modSession_id`, `modSession`.`access` AS `modSession_access`, `modSession`.`data` AS `modSession_data` FROM `modx_session` AS `modSession` WHERE `modSession`.`id` = ?  - 
[2012-10-17 15:25:38] (ERROR in xPDOConnection::connect @ C:\wamp\www\mokryak\www\mokryak.com\core\xpdo\xpdo.class.php : 2999) SQLSTATE[HY000] [1045] Access denied for user 'admin'@'localhost' (using password: YES)
[2012-10-17 15:25:38] (ERROR in xPDOConnection::connect @ C:\wamp\www\mokryak\www\mokryak.com\core\xpdo\xpdo.class.php : 2999) SQLSTATE[HY000] [1045] Access denied for user 'admin'@'localhost' (using password: YES)
[2012-10-17 15:25:38] (ERROR @ /manager/index.php) Error preparing statement for query: SELECT `modAction`.`id` AS `modAction_id`, `modAction`.`namespace` AS `modAction_namespace`, `modAction`.`controller` AS `modAction_controller`, `modAction`.`haslayout` AS `modAction_haslayout`, `modAction`.`lang_topics` AS `modAction_lang_topics`, `modAction`.`assets` AS `modAction_assets`, `modAction`.`help_url` AS `modAction_help_url` FROM `modx_actions` AS `modAction` WHERE  ( `modAction`.`namespace` = ? AND `modAction`.`controller` = ? )   - 
[2012-10-17 15:48:17] (ERROR in xPDOConnection::connect @ C:\wamp\www\mokryak\www\mokryak.com\core\xpdo\xpdo.class.php : 2999) SQLSTATE[HY000] [1045] Access denied for user 'admin'@'localhost' (using password: YES)
[2012-10-17 15:48:17] (ERROR in xPDOConnection::connect @ C:\wamp\www\mokryak\www\mokryak.com\core\xpdo\xpdo.class.php : 2999) SQLSTATE[HY000] [1045] Access denied for user 'admin'@'localhost' (using password: YES)
[2012-10-17 15:48:17] (ERROR @ /index.php) Error preparing statement for query: SELECT `modSession`.`id` AS `modSession_id`, `modSession`.`access` AS `modSession_access`, `modSession`.`data` AS `modSession_data` FROM `modx_session` AS `modSession` WHERE `modSession`.`id` = ?  - 
[2012-10-17 15:48:17] (ERROR in xPDOConnection::connect @ C:\wamp\www\mokryak\www\mokryak.com\core\xpdo\xpdo.class.php : 2999) SQLSTATE[HY000] [1045] Access denied for user 'admin'@'localhost' (using password: YES)
[2012-10-17 15:48:17] (ERROR in xPDOConnection::connect @ C:\wamp\www\mokryak\www\mokryak.com\core\xpdo\xpdo.class.php : 2999) SQLSTATE[HY000] [1045] Access denied for user 'admin'@'localhost' (using password: YES)
[2012-10-17 15:48:17] (ERROR @ /index.php) Error preparing statement for query: SELECT `modSession`.`id` AS `modSession_id`, `modSession`.`access` AS `modSession_access`, `modSession`.`data` AS `modSession_data` FROM `modx_session` AS `modSession` WHERE `modSession`.`id` = ?  - 
[2012-10-17 15:48:17] (ERROR in xPDOConnection::connect @ C:\wamp\www\mokryak\www\mokryak.com\core\xpdo\xpdo.class.php : 2999) SQLSTATE[HY000] [1045] Access denied for user 'admin'@'localhost' (using password: YES)
[2012-10-17 15:48:17] (ERROR in xPDOConnection::connect @ C:\wamp\www\mokryak\www\mokryak.com\core\xpdo\xpdo.class.php : 2999) SQLSTATE[HY000] [1045] Access denied for user 'admin'@'localhost' (using password: YES)
[2012-10-17 15:48:20] (ERROR in xPDOConnection::connect @ C:\wamp\www\mokryak\www\mokryak.com\core\xpdo\xpdo.class.php : 2999) SQLSTATE[HY000] [1045] Access denied for user 'admin'@'localhost' (using password: YES)
[2012-10-17 15:48:20] (ERROR in xPDOConnection::connect @ C:\wamp\www\mokryak\www\mokryak.com\core\xpdo\xpdo.class.php : 2999) SQLSTATE[HY000] [1045] Access denied for user 'admin'@'localhost' (using password: YES)
[2012-10-17 15:48:20] (ERROR @ /index.php) Error preparing statement for query: SELECT `modSession`.`id` AS `modSession_id`, `modSession`.`access` AS `modSession_access`, `modSession`.`data` AS `modSession_data` FROM `modx_session` AS `modSession` WHERE `modSession`.`id` = ?  - 
[2012-10-17 15:48:20] (ERROR in xPDOConnection::connect @ C:\wamp\www\mokryak\www\mokryak.com\core\xpdo\xpdo.class.php : 2999) SQLSTATE[HY000] [1045] Access denied for user 'admin'@'localhost' (using password: YES)
[2012-10-17 15:48:20] (ERROR in xPDOConnection::connect @ C:\wamp\www\mokryak\www\mokryak.com\core\xpdo\xpdo.class.php : 2999) SQLSTATE[HY000] [1045] Access denied for user 'admin'@'localhost' (using password: YES)
[2012-10-17 15:48:20] (ERROR @ /index.php) Error preparing statement for query: SELECT `modSession`.`id` AS `modSession_id`, `modSession`.`access` AS `modSession_access`, `modSession`.`data` AS `modSession_data` FROM `modx_session` AS `modSession` WHERE `modSession`.`id` = ?  - 
[2012-10-17 15:48:20] (ERROR in xPDOConnection::connect @ C:\wamp\www\mokryak\www\mokryak.com\core\xpdo\xpdo.class.php : 2999) SQLSTATE[HY000] [1045] Access denied for user 'admin'@'localhost' (using password: YES)
[2012-10-17 15:48:20] (ERROR in xPDOConnection::connect @ C:\wamp\www\mokryak\www\mokryak.com\core\xpdo\xpdo.class.php : 2999) SQLSTATE[HY000] [1045] Access denied for user 'admin'@'localhost' (using password: YES)
[2012-10-17 15:49:14] (ERROR in xPDOConnection::connect @ C:\wamp\www\mokryak\www\mokryak.com\core\xpdo\xpdo.class.php : 2999) SQLSTATE[HY000] [1045] Access denied for user 'admin'@'localhost' (using password: YES)
[2012-10-17 15:49:14] (ERROR in xPDOConnection::connect @ C:\wamp\www\mokryak\www\mokryak.com\core\xpdo\xpdo.class.php : 2999) SQLSTATE[HY000] [1045] Access denied for user 'admin'@'localhost' (using password: YES)
[2012-10-17 15:49:14] (ERROR @ /manager/index.php) Error preparing statement for query: SELECT `modSession`.`id` AS `modSession_id`, `modSession`.`access` AS `modSession_access`, `modSession`.`data` AS `modSession_data` FROM `modx_session` AS `modSession` WHERE `modSession`.`id` = ?  - 
[2012-10-17 15:49:14] (ERROR in xPDOConnection::connect @ C:\wamp\www\mokryak\www\mokryak.com\core\xpdo\xpdo.class.php : 2999) SQLSTATE[HY000] [1045] Access denied for user 'admin'@'localhost' (using password: YES)
[2012-10-17 15:49:14] (ERROR in xPDOConnection::connect @ C:\wamp\www\mokryak\www\mokryak.com\core\xpdo\xpdo.class.php : 2999) SQLSTATE[HY000] [1045] Access denied for user 'admin'@'localhost' (using password: YES)
[2012-10-17 15:49:14] (ERROR @ /manager/index.php) Error preparing statement for query: SELECT `modAction`.`id` AS `modAction_id`, `modAction`.`namespace` AS `modAction_namespace`, `modAction`.`controller` AS `modAction_controller`, `modAction`.`haslayout` AS `modAction_haslayout`, `modAction`.`lang_topics` AS `modAction_lang_topics`, `modAction`.`assets` AS `modAction_assets`, `modAction`.`help_url` AS `modAction_help_url` FROM `modx_actions` AS `modAction` WHERE  ( `modAction`.`namespace` = ? AND `modAction`.`controller` = ? )   - 
[2012-10-17 15:49:16] (ERROR in xPDOConnection::connect @ C:\wamp\www\mokryak\www\mokryak.com\core\xpdo\xpdo.class.php : 2999) SQLSTATE[HY000] [1045] Access denied for user 'admin'@'localhost' (using password: YES)
[2012-10-17 15:49:16] (ERROR in xPDOConnection::connect @ C:\wamp\www\mokryak\www\mokryak.com\core\xpdo\xpdo.class.php : 2999) SQLSTATE[HY000] [1045] Access denied for user 'admin'@'localhost' (using password: YES)
[2012-10-17 15:49:16] (ERROR @ /manager/index.php) Error preparing statement for query: SELECT `modSession`.`id` AS `modSession_id`, `modSession`.`access` AS `modSession_access`, `modSession`.`data` AS `modSession_data` FROM `modx_session` AS `modSession` WHERE `modSession`.`id` = ?  - 
[2012-10-17 15:49:16] (ERROR in xPDOConnection::connect @ C:\wamp\www\mokryak\www\mokryak.com\core\xpdo\xpdo.class.php : 2999) SQLSTATE[HY000] [1045] Access denied for user 'admin'@'localhost' (using password: YES)
[2012-10-17 15:49:16] (ERROR in xPDOConnection::connect @ C:\wamp\www\mokryak\www\mokryak.com\core\xpdo\xpdo.class.php : 2999) SQLSTATE[HY000] [1045] Access denied for user 'admin'@'localhost' (using password: YES)
[2012-10-17 15:49:16] (ERROR @ /manager/index.php) Error preparing statement for query: SELECT `modAction`.`id` AS `modAction_id`, `modAction`.`namespace` AS `modAction_namespace`, `modAction`.`controller` AS `modAction_controller`, `modAction`.`haslayout` AS `modAction_haslayout`, `modAction`.`lang_topics` AS `modAction_lang_topics`, `modAction`.`assets` AS `modAction_assets`, `modAction`.`help_url` AS `modAction_help_url` FROM `modx_actions` AS `modAction` WHERE  ( `modAction`.`namespace` = ? AND `modAction`.`controller` = ? )   - 
